#-----------------------------------------------------------
# Vivado v2019.2 (64-bit)
# SW Build 2708876 on Wed Nov  6 21:40:23 MST 2019
# IP Build 2700528 on Thu Nov  7 00:09:20 MST 2019
# Start of session at: Fri May 29 00:20:10 2020
# Process ID: 14888
# Current directory: C:/Users/Admin/Desktop/ALU/AK/project_2
# Command line: vivado.exe -gui_launcher_event rodinguilauncherevent11788 C:\Users\Admin\Desktop\ALU\AK\project_2\project_2.xpr
# Log file: C:/Users/Admin/Desktop/ALU/AK/project_2/vivado.log
# Journal file: C:/Users/Admin/Desktop/ALU/AK/project_2\vivado.jou
#-----------------------------------------------------------
start_gui
open_project C:/Users/Admin/Desktop/ALU/AK/project_2/project_2.xpr
INFO: [Project 1-313] Project file moved from 'C:/Users/Admin/project_2' since last save.
WARNING: [Project 1-312] File not found as 'C:/Users/Admin/Desktop/ALU/AK/Desktop/ALU/AK/alu_16bit.v'; using path 'C:/Users/Admin/Desktop/ALU/AK/alu_16bit.v' instead.
WARNING: [Project 1-312] File not found as 'C:/Users/Admin/Desktop/ALU/AK/Desktop/ALU/AK/alu_1Bit.v'; using path 'C:/Users/Admin/Desktop/ALU/AK/alu_1Bit.v' instead.
WARNING: [Project 1-312] File not found as 'C:/Users/Admin/Desktop/ALU/AK/Desktop/ALU/AK/full_adder.v'; using path 'C:/Users/Admin/Desktop/ALU/AK/full_adder.v' instead.
WARNING: [Project 1-312] File not found as 'C:/Users/Admin/Desktop/ALU/AK/Desktop/ALU/AK/mux4to1.v'; using path 'C:/Users/Admin/Desktop/ALU/AK/mux4to1.v' instead.
WARNING: [Project 1-312] File not found as 'C:/Users/Admin/Desktop/ALU/AK/Desktop/ALU/AK/mux_2to1.v'; using path 'C:/Users/Admin/Desktop/ALU/AK/mux_2to1.v' instead.
WARNING: [Project 1-312] File not found as 'C:/Users/Admin/Desktop/ALU/AK/Desktop/ALU/AK/alu16bit_tb.v'; using path 'C:/Users/Admin/Desktop/ALU/AK/alu16bit_tb.v' instead.
Scanning sources...
Finished scanning sources
INFO: [IP_Flow 19-234] Refreshing IP repositories
INFO: [IP_Flow 19-1704] No user IP repositories specified
INFO: [IP_Flow 19-2313] Loaded Vivado IP repository 'P:/APPS/Vivado/2019.2/data/ip'.
open_project: Time (s): cpu = 00:00:17 ; elapsed = 00:00:07 . Memory (MB): peak = 752.156 ; gain = 129.844
update_compile_order -fileset sources_1
exit
INFO: [Common 17-206] Exiting Vivado at Fri May 29 00:20:42 2020...
